<?xml version="1.0" encoding="UTF-8"?>
<testsuite xmlns:xsi="http://www.w3.org/2001/XMLSchema-instance" xsi:noNamespaceSchemaLocation="https://maven.apache.org/surefire/maven-surefire-plugin/xsd/surefire-test-report.xsd" name="org.example.AppTest" time="0.037" tests="1" errors="0" skipped="0" failures="0">
  <properties>
    <property name="sun.desktop" value="windows"/>
    <property name="awt.toolkit" value="sun.awt.windows.WToolkit"/>
    <property name="file.encoding.pkg" value="sun.io"/>
    <property name="java.specification.version" value="1.8"/>
    <property name="sun.cpu.isalist" value="pentium_pro+mmx pentium_pro pentium+mmx pentium i486 i386 i86"/>
    <property name="sun.jnu.encoding" value="GBK"/>
    <property name="java.class.path" value="F:\test\untitled\JavaHiveUdf\target\test-classes;F:\test\untitled\JavaHiveUdf\target\classes;C:\Users\10467\.m2\repository\junit\junit\4.11\junit-4.11.jar;C:\Users\10467\.m2\repository\org\hamcrest\hamcrest-core\1.3\hamcrest-core-1.3.jar;C:\Users\10467\.m2\repository\com\cedarsoftware\java-util\1.8.0\java-util-1.8.0.jar;C:\Users\10467\.m2\repository\commons-logging\commons-logging\1.1.1\commons-logging-1.1.1.jar;C:\Users\10467\.m2\repository\com\cedarsoftware\json-io\2.4.1\json-io-2.4.1.jar;C:\Users\10467\.m2\repository\com\aliyun\odps\odps-sdk-udf\0.34.4-public\odps-sdk-udf-0.34.4-public.jar;C:\Users\10467\.m2\repository\com\aliyun\odps\odps-sdk-commons\0.34.4-public\odps-sdk-commons-0.34.4-public.jar;C:\Users\10467\.m2\repository\org\aspectj\aspectjrt\1.8.9\aspectjrt-1.8.9.jar;C:\Users\10467\.m2\repository\org\slf4j\slf4j-api\1.7.5\slf4j-api-1.7.5.jar;C:\Users\10467\.m2\repository\com\google\code\gson\gson\2.2.4\gson-2.2.4.jar;C:\Users\10467\.m2\repository\com\aliyun\odps\odps-sdk-core\0.34.4-public\odps-sdk-core-0.34.4-public.jar;C:\Users\10467\.m2\repository\commons-codec\commons-codec\1.9\commons-codec-1.9.jar;C:\Users\10467\.m2\repository\org\codehaus\jackson\jackson-mapper-asl\1.9.13\jackson-mapper-asl-1.9.13.jar;C:\Users\10467\.m2\repository\org\codehaus\jackson\jackson-core-asl\1.9.13\jackson-core-asl-1.9.13.jar;C:\Users\10467\.m2\repository\net\sourceforge\javacsv\javacsv\2.0\javacsv-2.0.jar;C:\Users\10467\.m2\repository\org\xerial\snappy\snappy-java\1.1.1.6\snappy-java-1.1.1.6.jar;C:\Users\10467\.m2\repository\com\google\protobuf\protobuf-java\2.4.1\protobuf-java-2.4.1.jar;C:\Users\10467\.m2\repository\commons-io\commons-io\2.4\commons-io-2.4.jar;C:\Users\10467\.m2\repository\javax\mail\mail\1.4.7\mail-1.4.7.jar;C:\Users\10467\.m2\repository\javax\activation\activation\1.1\activation-1.1.jar;C:\Users\10467\.m2\repository\stax\stax-api\1.0.1\stax-api-1.0.1.jar;C:\Users\10467\.m2\repository\stax\stax\1.2.0\stax-1.2.0.jar;C:\Users\10467\.m2\repository\xpp3\xpp3\1.1.3.3\xpp3-1.1.3.3.jar;"/>
    <property name="java.vm.vendor" value="Oracle Corporation"/>
    <property name="sun.arch.data.model" value="32"/>
    <property name="user.variant" value=""/>
    <property name="java.vendor.url" value="http://java.oracle.com/"/>
    <property name="user.timezone" value="Asia/Shanghai"/>
    <property name="java.vm.specification.version" value="1.8"/>
    <property name="os.name" value="Windows 10"/>
    <property name="user.country" value="CN"/>
    <property name="sun.java.launcher" value="SUN_STANDARD"/>
    <property name="sun.boot.library.path" value="C:\Program Files (x86)\Java\jdk1.8.0_241\jre\bin"/>
    <property name="sun.java.command" value="C:\Users\10467\AppData\Local\Temp\surefire5741144476335038037\surefirebooter5757189760171723346.jar C:\Users\10467\AppData\Local\Temp\surefire5741144476335038037 2020-05-03T21-03-40_564-jvmRun1 surefire7304524491644981382tmp surefire_07099753540279197688tmp"/>
    <property name="surefire.test.class.path" value="F:\test\untitled\JavaHiveUdf\target\test-classes;F:\test\untitled\JavaHiveUdf\target\classes;C:\Users\10467\.m2\repository\junit\junit\4.11\junit-4.11.jar;C:\Users\10467\.m2\repository\org\hamcrest\hamcrest-core\1.3\hamcrest-core-1.3.jar;C:\Users\10467\.m2\repository\com\cedarsoftware\java-util\1.8.0\java-util-1.8.0.jar;C:\Users\10467\.m2\repository\commons-logging\commons-logging\1.1.1\commons-logging-1.1.1.jar;C:\Users\10467\.m2\repository\com\cedarsoftware\json-io\2.4.1\json-io-2.4.1.jar;C:\Users\10467\.m2\repository\com\aliyun\odps\odps-sdk-udf\0.34.4-public\odps-sdk-udf-0.34.4-public.jar;C:\Users\10467\.m2\repository\com\aliyun\odps\odps-sdk-commons\0.34.4-public\odps-sdk-commons-0.34.4-public.jar;C:\Users\10467\.m2\repository\org\aspectj\aspectjrt\1.8.9\aspectjrt-1.8.9.jar;C:\Users\10467\.m2\repository\org\slf4j\slf4j-api\1.7.5\slf4j-api-1.7.5.jar;C:\Users\10467\.m2\repository\com\google\code\gson\gson\2.2.4\gson-2.2.4.jar;C:\Users\10467\.m2\repository\com\aliyun\odps\odps-sdk-core\0.34.4-public\odps-sdk-core-0.34.4-public.jar;C:\Users\10467\.m2\repository\commons-codec\commons-codec\1.9\commons-codec-1.9.jar;C:\Users\10467\.m2\repository\org\codehaus\jackson\jackson-mapper-asl\1.9.13\jackson-mapper-asl-1.9.13.jar;C:\Users\10467\.m2\repository\org\codehaus\jackson\jackson-core-asl\1.9.13\jackson-core-asl-1.9.13.jar;C:\Users\10467\.m2\repository\net\sourceforge\javacsv\javacsv\2.0\javacsv-2.0.jar;C:\Users\10467\.m2\repository\org\xerial\snappy\snappy-java\1.1.1.6\snappy-java-1.1.1.6.jar;C:\Users\10467\.m2\repository\com\google\protobuf\protobuf-java\2.4.1\protobuf-java-2.4.1.jar;C:\Users\10467\.m2\repository\commons-io\commons-io\2.4\commons-io-2.4.jar;C:\Users\10467\.m2\repository\javax\mail\mail\1.4.7\mail-1.4.7.jar;C:\Users\10467\.m2\repository\javax\activation\activation\1.1\activation-1.1.jar;C:\Users\10467\.m2\repository\stax\stax-api\1.0.1\stax-api-1.0.1.jar;C:\Users\10467\.m2\repository\stax\stax\1.2.0\stax-1.2.0.jar;C:\Users\10467\.m2\repository\xpp3\xpp3\1.1.3.3\xpp3-1.1.3.3.jar;"/>
    <property name="sun.cpu.endian" value="little"/>
    <property name="user.home" value="C:\Users\10467"/>
    <property name="user.language" value="zh"/>
    <property name="java.specification.vendor" value="Oracle Corporation"/>
    <property name="java.home" value="C:\Program Files (x86)\Java\jdk1.8.0_241\jre"/>
    <property name="basedir" value="F:\test\untitled\JavaHiveUdf"/>
    <property name="file.separator" value="\"/>
    <property name="line.separator" value="&#10;"/>
    <property name="java.vm.specification.vendor" value="Oracle Corporation"/>
    <property name="java.specification.name" value="Java Platform API Specification"/>
    <property name="java.awt.graphicsenv" value="sun.awt.Win32GraphicsEnvironment"/>
    <property name="surefire.real.class.path" value="C:\Users\10467\AppData\Local\Temp\surefire5741144476335038037\surefirebooter5757189760171723346.jar"/>
    <property name="sun.boot.class.path" value="C:\Program Files (x86)\Java\jdk1.8.0_241\jre\lib\resources.jar;C:\Program Files (x86)\Java\jdk1.8.0_241\jre\lib\rt.jar;C:\Program Files (x86)\Java\jdk1.8.0_241\jre\lib\sunrsasign.jar;C:\Program Files (x86)\Java\jdk1.8.0_241\jre\lib\jsse.jar;C:\Program Files (x86)\Java\jdk1.8.0_241\jre\lib\jce.jar;C:\Program Files (x86)\Java\jdk1.8.0_241\jre\lib\charsets.jar;C:\Program Files (x86)\Java\jdk1.8.0_241\jre\lib\jfr.jar;C:\Program Files (x86)\Java\jdk1.8.0_241\jre\classes"/>
    <property name="user.script" value=""/>
    <property name="sun.management.compiler" value="HotSpot Client Compiler"/>
    <property name="java.runtime.version" value="1.8.0_241-b07"/>
    <property name="user.name" value="10467"/>
    <property name="path.separator" value=";"/>
    <property name="os.version" value="10.0"/>
    <property name="java.endorsed.dirs" value="C:\Program Files (x86)\Java\jdk1.8.0_241\jre\lib\endorsed"/>
    <property name="java.runtime.name" value="Java(TM) SE Runtime Environment"/>
    <property name="file.encoding" value="GBK"/>
    <property name="java.vm.name" value="Java HotSpot(TM) Client VM"/>
    <property name="idea.version2020.1" value="true"/>
    <property name="localRepository" value="C:\Users\10467\.m2\repository"/>
    <property name="java.vendor.url.bug" value="http://bugreport.sun.com/bugreport/"/>
    <property name="java.io.tmpdir" value="C:\Users\10467\AppData\Local\Temp\"/>
    <property name="java.version" value="1.8.0_241"/>
    <property name="user.dir" value="F:\test\untitled\JavaHiveUdf"/>
    <property name="os.arch" value="x86"/>
    <property name="java.vm.specification.name" value="Java Virtual Machine Specification"/>
    <property name="java.awt.printerjob" value="sun.awt.windows.WPrinterJob"/>
    <property name="sun.os.patch.level" value=""/>
    <property name="java.library.path" value="C:\Program Files (x86)\Java\jdk1.8.0_241\jre\bin;C:\Windows\Sun\Java\bin;C:\Windows\system32;C:\Windows;C:\Program Files (x86)\Common Files\Oracle\Java\javapath;D:\xftp\;D:\shell 6\;C:\Windows\system32;C:\Windows;C:\Windows\System32\Wbem;C:\Windows\System32\WindowsPowerShell\v1.0\;C:\Windows\System32\OpenSSH\;D:\Git\cmd;C:\Program Files (x86)\Windows Live\Shared;&quot;C:\Program Files (x86)\Java\jdk1.8.0_241\lib\dt.jar;C:\Program Files (x86)\Java\jdk1.8.0_241\lib\tools.jar&quot;;C:\Program Files (x86)\Java\jdk1.8.0_241\bin;C:\Program Files (x86)\Java\jdk1.8.0_241\jre\bin;C:\Users\10467\.gradle\wrapper\dists\gradle-5.4.1-all\3221gyojl5jsh0helicew7rwx\gradle-5.4.1\bin;C:\Program Files\MySQL\MySQL Shell 8.0\bin\;D:\IntelliJ IDEA 2019.3.3\bin;;F:\IntelliJ IDEA Community Edition 2020.1_v1\bin;;."/>
    <property name="java.vm.info" value="mixed mode"/>
    <property name="java.vendor" value="Oracle Corporation"/>
    <property name="java.vm.version" value="25.241-b07"/>
    <property name="java.ext.dirs" value="C:\Program Files (x86)\Java\jdk1.8.0_241\jre\lib\ext;C:\Windows\Sun\Java\lib\ext"/>
    <property name="sun.io.unicode.encoding" value="UnicodeLittle"/>
    <property name="java.class.version" value="52.0"/>
  </properties>
  <testcase name="shouldAnswerWithTrue" classname="org.example.AppTest" time="0.001"/>
</testsuite>